[0.214s] DEBUG:colcon:Command line arguments: ['/usr/bin/colcon', 'build']
[0.214s] DEBUG:colcon:Parsed command line arguments: Namespace(log_base=None, log_level=None, verb_name='build', build_base='build', install_base='install', merge_install=False, symlink_install=False, test_result_base=None, continue_on_error=False, executor='parallel', parallel_workers=12, event_handlers=None, ignore_user_meta=False, metas=['./colcon.meta'], base_paths=['.'], packages_ignore=None, packages_ignore_regex=None, paths=None, packages_up_to=None, packages_up_to_regex=None, packages_above=None, packages_above_and_dependencies=None, packages_above_depth=None, packages_select_by_dep=None, packages_skip_by_dep=None, packages_skip_up_to=None, packages_select_build_failed=False, packages_skip_build_finished=False, packages_select_test_failures=False, packages_skip_test_passed=False, packages_select=None, packages_skip=None, packages_select_regex=None, packages_skip_regex=None, packages_start=None, packages_end=None, allow_overriding=[], cmake_args=None, cmake_target=None, cmake_target_skip_unavailable=False, cmake_clean_cache=False, cmake_clean_first=False, cmake_force_configure=False, ament_cmake_args=None, catkin_cmake_args=None, catkin_skip_building_tests=False, mixin_files=None, mixin=None, verb_parser=<colcon_mixin.mixin.mixin_argument.MixinArgumentDecorator object at 0x75bb272b7b90>, verb_extension=<colcon_core.verb.build.BuildVerb object at 0x75bb2725ac30>, main=<bound method BuildVerb.main of <colcon_core.verb.build.BuildVerb object at 0x75bb2725ac30>>, mixin_verb=('build',))
[0.275s] Level 1:colcon.colcon_core.package_discovery:discover_packages(colcon_meta) check parameters
[0.276s] Level 1:colcon.colcon_core.package_discovery:discover_packages(recursive) check parameters
[0.276s] Level 1:colcon.colcon_core.package_discovery:discover_packages(ignore) check parameters
[0.276s] Level 1:colcon.colcon_core.package_discovery:discover_packages(path) check parameters
[0.276s] Level 1:colcon.colcon_core.package_discovery:discover_packages(colcon_meta) discover
[0.276s] Level 1:colcon.colcon_core.package_discovery:discover_packages(recursive) discover
[0.276s] INFO:colcon.colcon_core.package_discovery:Crawling recursively for packages in '/home/shashi/ALDAS/aldas_ros_workspace'
[0.276s] Level 1:colcon.colcon_core.package_identification:_identify(.) by extensions ['ignore', 'ignore_ament_install']
[0.276s] Level 1:colcon.colcon_core.package_identification:_identify(.) by extension 'ignore'
[0.276s] Level 1:colcon.colcon_core.package_identification:_identify(.) by extension 'ignore_ament_install'
[0.276s] Level 1:colcon.colcon_core.package_identification:_identify(.) by extensions ['colcon_pkg']
[0.276s] Level 1:colcon.colcon_core.package_identification:_identify(.) by extension 'colcon_pkg'
[0.276s] Level 1:colcon.colcon_core.package_identification:_identify(.) by extensions ['colcon_meta']
[0.276s] Level 1:colcon.colcon_core.package_identification:_identify(.) by extension 'colcon_meta'
[0.276s] Level 1:colcon.colcon_core.package_identification:_identify(.) by extensions ['ros']
[0.276s] Level 1:colcon.colcon_core.package_identification:_identify(.) by extension 'ros'
[0.302s] Level 1:colcon.colcon_core.package_identification:_identify(.) by extensions ['cmake', 'python']
[0.302s] Level 1:colcon.colcon_core.package_identification:_identify(.) by extension 'cmake'
[0.302s] Level 1:colcon.colcon_core.package_identification:_identify(.) by extension 'python'
[0.302s] Level 1:colcon.colcon_core.package_identification:_identify(.) by extensions ['python_setup_py']
[0.302s] Level 1:colcon.colcon_core.package_identification:_identify(.) by extension 'python_setup_py'
[0.302s] Level 1:colcon.colcon_core.package_identification:_identify(build) by extensions ['ignore', 'ignore_ament_install']
[0.302s] Level 1:colcon.colcon_core.package_identification:_identify(build) by extension 'ignore'
[0.302s] Level 1:colcon.colcon_core.package_identification:_identify(build) ignored
[0.302s] Level 1:colcon.colcon_core.package_identification:_identify(install) by extensions ['ignore', 'ignore_ament_install']
[0.302s] Level 1:colcon.colcon_core.package_identification:_identify(install) by extension 'ignore'
[0.303s] Level 1:colcon.colcon_core.package_identification:_identify(install) ignored
[0.303s] Level 1:colcon.colcon_core.package_identification:_identify(log) by extensions ['ignore', 'ignore_ament_install']
[0.303s] Level 1:colcon.colcon_core.package_identification:_identify(log) by extension 'ignore'
[0.303s] Level 1:colcon.colcon_core.package_identification:_identify(log) ignored
[0.303s] Level 1:colcon.colcon_core.package_identification:_identify(src) by extensions ['ignore', 'ignore_ament_install']
[0.303s] Level 1:colcon.colcon_core.package_identification:_identify(src) by extension 'ignore'
[0.303s] Level 1:colcon.colcon_core.package_identification:_identify(src) by extension 'ignore_ament_install'
[0.303s] Level 1:colcon.colcon_core.package_identification:_identify(src) by extensions ['colcon_pkg']
[0.303s] Level 1:colcon.colcon_core.package_identification:_identify(src) by extension 'colcon_pkg'
[0.303s] Level 1:colcon.colcon_core.package_identification:_identify(src) by extensions ['colcon_meta']
[0.303s] Level 1:colcon.colcon_core.package_identification:_identify(src) by extension 'colcon_meta'
[0.303s] Level 1:colcon.colcon_core.package_identification:_identify(src) by extensions ['ros']
[0.303s] Level 1:colcon.colcon_core.package_identification:_identify(src) by extension 'ros'
[0.303s] Level 1:colcon.colcon_core.package_identification:_identify(src) by extensions ['cmake', 'python']
[0.303s] Level 1:colcon.colcon_core.package_identification:_identify(src) by extension 'cmake'
[0.303s] Level 1:colcon.colcon_core.package_identification:_identify(src) by extension 'python'
[0.303s] Level 1:colcon.colcon_core.package_identification:_identify(src) by extensions ['python_setup_py']
[0.303s] Level 1:colcon.colcon_core.package_identification:_identify(src) by extension 'python_setup_py'
[0.303s] Level 1:colcon.colcon_core.package_identification:_identify(src/aldas_controller) by extensions ['ignore', 'ignore_ament_install']
[0.303s] Level 1:colcon.colcon_core.package_identification:_identify(src/aldas_controller) by extension 'ignore'
[0.303s] Level 1:colcon.colcon_core.package_identification:_identify(src/aldas_controller) by extension 'ignore_ament_install'
[0.303s] Level 1:colcon.colcon_core.package_identification:_identify(src/aldas_controller) by extensions ['colcon_pkg']
[0.303s] Level 1:colcon.colcon_core.package_identification:_identify(src/aldas_controller) by extension 'colcon_pkg'
[0.303s] Level 1:colcon.colcon_core.package_identification:_identify(src/aldas_controller) by extensions ['colcon_meta']
[0.303s] Level 1:colcon.colcon_core.package_identification:_identify(src/aldas_controller) by extension 'colcon_meta'
[0.303s] Level 1:colcon.colcon_core.package_identification:_identify(src/aldas_controller) by extensions ['ros']
[0.303s] Level 1:colcon.colcon_core.package_identification:_identify(src/aldas_controller) by extension 'ros'
[0.307s] DEBUG:colcon.colcon_core.package_identification:Package 'src/aldas_controller' with type 'ros.ament_cmake' and name 'aldas_controller'
[0.307s] Level 1:colcon.colcon_core.package_identification:_identify(src/aldas_state_machine) by extensions ['ignore', 'ignore_ament_install']
[0.307s] Level 1:colcon.colcon_core.package_identification:_identify(src/aldas_state_machine) by extension 'ignore'
[0.307s] Level 1:colcon.colcon_core.package_identification:_identify(src/aldas_state_machine) by extension 'ignore_ament_install'
[0.307s] Level 1:colcon.colcon_core.package_identification:_identify(src/aldas_state_machine) by extensions ['colcon_pkg']
[0.307s] Level 1:colcon.colcon_core.package_identification:_identify(src/aldas_state_machine) by extension 'colcon_pkg'
[0.307s] Level 1:colcon.colcon_core.package_identification:_identify(src/aldas_state_machine) by extensions ['colcon_meta']
[0.307s] Level 1:colcon.colcon_core.package_identification:_identify(src/aldas_state_machine) by extension 'colcon_meta'
[0.307s] Level 1:colcon.colcon_core.package_identification:_identify(src/aldas_state_machine) by extensions ['ros']
[0.307s] Level 1:colcon.colcon_core.package_identification:_identify(src/aldas_state_machine) by extension 'ros'
[0.308s] DEBUG:colcon.colcon_core.package_identification:Package 'src/aldas_state_machine' with type 'ros.ament_python' and name 'aldas_state_machine'
[0.308s] Level 1:colcon.colcon_core.package_identification:_identify(src/aldas_vision) by extensions ['ignore', 'ignore_ament_install']
[0.308s] Level 1:colcon.colcon_core.package_identification:_identify(src/aldas_vision) by extension 'ignore'
[0.308s] Level 1:colcon.colcon_core.package_identification:_identify(src/aldas_vision) by extension 'ignore_ament_install'
[0.308s] Level 1:colcon.colcon_core.package_identification:_identify(src/aldas_vision) by extensions ['colcon_pkg']
[0.308s] Level 1:colcon.colcon_core.package_identification:_identify(src/aldas_vision) by extension 'colcon_pkg'
[0.308s] Level 1:colcon.colcon_core.package_identification:_identify(src/aldas_vision) by extensions ['colcon_meta']
[0.308s] Level 1:colcon.colcon_core.package_identification:_identify(src/aldas_vision) by extension 'colcon_meta'
[0.308s] Level 1:colcon.colcon_core.package_identification:_identify(src/aldas_vision) by extensions ['ros']
[0.308s] Level 1:colcon.colcon_core.package_identification:_identify(src/aldas_vision) by extension 'ros'
[0.308s] DEBUG:colcon.colcon_core.package_identification:Package 'src/aldas_vision' with type 'ros.ament_cmake' and name 'aldas_vision'
[0.309s] Level 1:colcon.colcon_core.package_identification:_identify(src/px4_msgs) by extensions ['ignore', 'ignore_ament_install']
[0.309s] Level 1:colcon.colcon_core.package_identification:_identify(src/px4_msgs) by extension 'ignore'
[0.309s] Level 1:colcon.colcon_core.package_identification:_identify(src/px4_msgs) by extension 'ignore_ament_install'
[0.309s] Level 1:colcon.colcon_core.package_identification:_identify(src/px4_msgs) by extensions ['colcon_pkg']
[0.309s] Level 1:colcon.colcon_core.package_identification:_identify(src/px4_msgs) by extension 'colcon_pkg'
[0.309s] Level 1:colcon.colcon_core.package_identification:_identify(src/px4_msgs) by extensions ['colcon_meta']
[0.309s] Level 1:colcon.colcon_core.package_identification:_identify(src/px4_msgs) by extension 'colcon_meta'
[0.309s] Level 1:colcon.colcon_core.package_identification:_identify(src/px4_msgs) by extensions ['ros']
[0.309s] Level 1:colcon.colcon_core.package_identification:_identify(src/px4_msgs) by extension 'ros'
[0.310s] DEBUG:colcon.colcon_core.package_identification:Package 'src/px4_msgs' with type 'ros.ament_cmake' and name 'px4_msgs'
[0.310s] Level 1:colcon.colcon_core.package_discovery:discover_packages(recursive) using defaults
[0.310s] Level 1:colcon.colcon_core.package_discovery:discover_packages(ignore) discover
[0.310s] Level 1:colcon.colcon_core.package_discovery:discover_packages(ignore) using defaults
[0.310s] Level 1:colcon.colcon_core.package_discovery:discover_packages(path) discover
[0.310s] Level 1:colcon.colcon_core.package_discovery:discover_packages(path) using defaults
[0.332s] Level 1:colcon.colcon_core.package_discovery:discover_packages(prefix_path) check parameters
[0.332s] Level 1:colcon.colcon_core.package_discovery:discover_packages(prefix_path) discover
[0.336s] DEBUG:colcon.colcon_installed_package_information.package_discovery:Found 287 installed packages in /opt/ros/jazzy
[0.337s] Level 1:colcon.colcon_core.package_discovery:discover_packages(prefix_path) using defaults
[0.368s] Level 5:colcon.colcon_core.verb:set package 'px4_msgs' build argument 'cmake_args' from command line to 'None'
[0.368s] Level 5:colcon.colcon_core.verb:set package 'px4_msgs' build argument 'cmake_target' from command line to 'None'
[0.368s] Level 5:colcon.colcon_core.verb:set package 'px4_msgs' build argument 'cmake_target_skip_unavailable' from command line to 'False'
[0.368s] Level 5:colcon.colcon_core.verb:set package 'px4_msgs' build argument 'cmake_clean_cache' from command line to 'False'
[0.368s] Level 5:colcon.colcon_core.verb:set package 'px4_msgs' build argument 'cmake_clean_first' from command line to 'False'
[0.368s] Level 5:colcon.colcon_core.verb:set package 'px4_msgs' build argument 'cmake_force_configure' from command line to 'False'
[0.368s] Level 5:colcon.colcon_core.verb:set package 'px4_msgs' build argument 'ament_cmake_args' from command line to 'None'
[0.368s] Level 5:colcon.colcon_core.verb:set package 'px4_msgs' build argument 'catkin_cmake_args' from command line to 'None'
[0.368s] Level 5:colcon.colcon_core.verb:set package 'px4_msgs' build argument 'catkin_skip_building_tests' from command line to 'False'
[0.368s] DEBUG:colcon.colcon_core.verb:Building package 'px4_msgs' with the following arguments: {'ament_cmake_args': None, 'build_base': '/home/shashi/ALDAS/aldas_ros_workspace/build/px4_msgs', 'catkin_cmake_args': None, 'catkin_skip_building_tests': False, 'cmake_args': None, 'cmake_clean_cache': False, 'cmake_clean_first': False, 'cmake_force_configure': False, 'cmake_target': None, 'cmake_target_skip_unavailable': False, 'install_base': '/home/shashi/ALDAS/aldas_ros_workspace/install/px4_msgs', 'merge_install': False, 'path': '/home/shashi/ALDAS/aldas_ros_workspace/src/px4_msgs', 'symlink_install': False, 'test_result_base': None}
[0.368s] Level 5:colcon.colcon_core.verb:set package 'aldas_controller' build argument 'cmake_args' from command line to 'None'
[0.368s] Level 5:colcon.colcon_core.verb:set package 'aldas_controller' build argument 'cmake_target' from command line to 'None'
[0.368s] Level 5:colcon.colcon_core.verb:set package 'aldas_controller' build argument 'cmake_target_skip_unavailable' from command line to 'False'
[0.368s] Level 5:colcon.colcon_core.verb:set package 'aldas_controller' build argument 'cmake_clean_cache' from command line to 'False'
[0.368s] Level 5:colcon.colcon_core.verb:set package 'aldas_controller' build argument 'cmake_clean_first' from command line to 'False'
[0.368s] Level 5:colcon.colcon_core.verb:set package 'aldas_controller' build argument 'cmake_force_configure' from command line to 'False'
[0.368s] Level 5:colcon.colcon_core.verb:set package 'aldas_controller' build argument 'ament_cmake_args' from command line to 'None'
[0.368s] Level 5:colcon.colcon_core.verb:set package 'aldas_controller' build argument 'catkin_cmake_args' from command line to 'None'
[0.368s] Level 5:colcon.colcon_core.verb:set package 'aldas_controller' build argument 'catkin_skip_building_tests' from command line to 'False'
[0.368s] DEBUG:colcon.colcon_core.verb:Building package 'aldas_controller' with the following arguments: {'ament_cmake_args': None, 'build_base': '/home/shashi/ALDAS/aldas_ros_workspace/build/aldas_controller', 'catkin_cmake_args': None, 'catkin_skip_building_tests': False, 'cmake_args': None, 'cmake_clean_cache': False, 'cmake_clean_first': False, 'cmake_force_configure': False, 'cmake_target': None, 'cmake_target_skip_unavailable': False, 'install_base': '/home/shashi/ALDAS/aldas_ros_workspace/install/aldas_controller', 'merge_install': False, 'path': '/home/shashi/ALDAS/aldas_ros_workspace/src/aldas_controller', 'symlink_install': False, 'test_result_base': None}
[0.368s] Level 5:colcon.colcon_core.verb:set package 'aldas_state_machine' build argument 'cmake_args' from command line to 'None'
[0.368s] Level 5:colcon.colcon_core.verb:set package 'aldas_state_machine' build argument 'cmake_target' from command line to 'None'
[0.368s] Level 5:colcon.colcon_core.verb:set package 'aldas_state_machine' build argument 'cmake_target_skip_unavailable' from command line to 'False'
[0.368s] Level 5:colcon.colcon_core.verb:set package 'aldas_state_machine' build argument 'cmake_clean_cache' from command line to 'False'
[0.368s] Level 5:colcon.colcon_core.verb:set package 'aldas_state_machine' build argument 'cmake_clean_first' from command line to 'False'
[0.368s] Level 5:colcon.colcon_core.verb:set package 'aldas_state_machine' build argument 'cmake_force_configure' from command line to 'False'
[0.368s] Level 5:colcon.colcon_core.verb:set package 'aldas_state_machine' build argument 'ament_cmake_args' from command line to 'None'
[0.368s] Level 5:colcon.colcon_core.verb:set package 'aldas_state_machine' build argument 'catkin_cmake_args' from command line to 'None'
[0.368s] Level 5:colcon.colcon_core.verb:set package 'aldas_state_machine' build argument 'catkin_skip_building_tests' from command line to 'False'
[0.368s] DEBUG:colcon.colcon_core.verb:Building package 'aldas_state_machine' with the following arguments: {'ament_cmake_args': None, 'build_base': '/home/shashi/ALDAS/aldas_ros_workspace/build/aldas_state_machine', 'catkin_cmake_args': None, 'catkin_skip_building_tests': False, 'cmake_args': None, 'cmake_clean_cache': False, 'cmake_clean_first': False, 'cmake_force_configure': False, 'cmake_target': None, 'cmake_target_skip_unavailable': False, 'install_base': '/home/shashi/ALDAS/aldas_ros_workspace/install/aldas_state_machine', 'merge_install': False, 'path': '/home/shashi/ALDAS/aldas_ros_workspace/src/aldas_state_machine', 'symlink_install': False, 'test_result_base': None}
[0.369s] Level 5:colcon.colcon_core.verb:set package 'aldas_vision' build argument 'cmake_args' from command line to 'None'
[0.369s] Level 5:colcon.colcon_core.verb:set package 'aldas_vision' build argument 'cmake_target' from command line to 'None'
[0.369s] Level 5:colcon.colcon_core.verb:set package 'aldas_vision' build argument 'cmake_target_skip_unavailable' from command line to 'False'
[0.369s] Level 5:colcon.colcon_core.verb:set package 'aldas_vision' build argument 'cmake_clean_cache' from command line to 'False'
[0.369s] Level 5:colcon.colcon_core.verb:set package 'aldas_vision' build argument 'cmake_clean_first' from command line to 'False'
[0.369s] Level 5:colcon.colcon_core.verb:set package 'aldas_vision' build argument 'cmake_force_configure' from command line to 'False'
[0.369s] Level 5:colcon.colcon_core.verb:set package 'aldas_vision' build argument 'ament_cmake_args' from command line to 'None'
[0.369s] Level 5:colcon.colcon_core.verb:set package 'aldas_vision' build argument 'catkin_cmake_args' from command line to 'None'
[0.369s] Level 5:colcon.colcon_core.verb:set package 'aldas_vision' build argument 'catkin_skip_building_tests' from command line to 'False'
[0.369s] DEBUG:colcon.colcon_core.verb:Building package 'aldas_vision' with the following arguments: {'ament_cmake_args': None, 'build_base': '/home/shashi/ALDAS/aldas_ros_workspace/build/aldas_vision', 'catkin_cmake_args': None, 'catkin_skip_building_tests': False, 'cmake_args': None, 'cmake_clean_cache': False, 'cmake_clean_first': False, 'cmake_force_configure': False, 'cmake_target': None, 'cmake_target_skip_unavailable': False, 'install_base': '/home/shashi/ALDAS/aldas_ros_workspace/install/aldas_vision', 'merge_install': False, 'path': '/home/shashi/ALDAS/aldas_ros_workspace/src/aldas_vision', 'symlink_install': False, 'test_result_base': None}
[0.369s] INFO:colcon.colcon_core.executor:Executing jobs using 'parallel' executor
[0.370s] DEBUG:colcon.colcon_parallel_executor.executor.parallel:run_until_complete
[0.370s] INFO:colcon.colcon_ros.task.ament_cmake.build:Building ROS package in '/home/shashi/ALDAS/aldas_ros_workspace/src/px4_msgs' with build type 'ament_cmake'
[0.370s] INFO:colcon.colcon_cmake.task.cmake.build:Building CMake package in '/home/shashi/ALDAS/aldas_ros_workspace/src/px4_msgs'
[0.378s] INFO:colcon.colcon_core.plugin_system:Skipping extension 'colcon_core.shell.bat': Not used on non-Windows systems
[0.378s] INFO:colcon.colcon_core.shell:Skip shell extension 'powershell' for command environment: Not usable outside of PowerShell
[0.378s] DEBUG:colcon.colcon_core.shell:Skip shell extension 'dsv' for command environment
[0.384s] DEBUG:colcon.colcon_core.event_handler.log_command:Invoking command in '/home/shashi/ALDAS/aldas_ros_workspace/build/px4_msgs': CMAKE_PREFIX_PATH=${CMAKE_PREFIX_PATH}:/opt/ros/jazzy DEBUGINFOD_URLS=https://debuginfod.ubuntu.com /usr/bin/cmake /home/shashi/ALDAS/aldas_ros_workspace/src/px4_msgs -DCMAKE_INSTALL_PREFIX=/home/shashi/ALDAS/aldas_ros_workspace/install/px4_msgs
[5.838s] DEBUG:colcon.colcon_core.event_handler.log_command:Invoked command in '/home/shashi/ALDAS/aldas_ros_workspace/build/px4_msgs' returned '0': CMAKE_PREFIX_PATH=${CMAKE_PREFIX_PATH}:/opt/ros/jazzy DEBUGINFOD_URLS=https://debuginfod.ubuntu.com /usr/bin/cmake /home/shashi/ALDAS/aldas_ros_workspace/src/px4_msgs -DCMAKE_INSTALL_PREFIX=/home/shashi/ALDAS/aldas_ros_workspace/install/px4_msgs
[5.840s] DEBUG:colcon.colcon_core.event_handler.log_command:Invoking command in '/home/shashi/ALDAS/aldas_ros_workspace/build/px4_msgs': CMAKE_PREFIX_PATH=${CMAKE_PREFIX_PATH}:/opt/ros/jazzy DEBUGINFOD_URLS=https://debuginfod.ubuntu.com /usr/bin/cmake --build /home/shashi/ALDAS/aldas_ros_workspace/build/px4_msgs -- -j12 -l12
[283.162s] DEBUG:colcon.colcon_core.event_handler.log_command:Invoked command in '/home/shashi/ALDAS/aldas_ros_workspace/build/px4_msgs' returned '0': CMAKE_PREFIX_PATH=${CMAKE_PREFIX_PATH}:/opt/ros/jazzy DEBUGINFOD_URLS=https://debuginfod.ubuntu.com /usr/bin/cmake --build /home/shashi/ALDAS/aldas_ros_workspace/build/px4_msgs -- -j12 -l12
[283.171s] DEBUG:colcon.colcon_core.event_handler.log_command:Invoking command in '/home/shashi/ALDAS/aldas_ros_workspace/build/px4_msgs': CMAKE_PREFIX_PATH=${CMAKE_PREFIX_PATH}:/opt/ros/jazzy DEBUGINFOD_URLS=https://debuginfod.ubuntu.com /usr/bin/cmake --install /home/shashi/ALDAS/aldas_ros_workspace/build/px4_msgs
[284.401s] Level 1:colcon.colcon_core.environment:create_environment_scripts_only(px4_msgs)
[284.401s] DEBUG:colcon.colcon_core.event_handler.log_command:Invoked command in '/home/shashi/ALDAS/aldas_ros_workspace/build/px4_msgs' returned '0': CMAKE_PREFIX_PATH=${CMAKE_PREFIX_PATH}:/opt/ros/jazzy DEBUGINFOD_URLS=https://debuginfod.ubuntu.com /usr/bin/cmake --install /home/shashi/ALDAS/aldas_ros_workspace/build/px4_msgs
[284.411s] Level 1:colcon.colcon_core.environment:checking '/home/shashi/ALDAS/aldas_ros_workspace/install/px4_msgs' for CMake module files
[284.411s] Level 1:colcon.colcon_core.environment:checking '/home/shashi/ALDAS/aldas_ros_workspace/install/px4_msgs' for CMake config files
[284.414s] Level 1:colcon.colcon_core.shell:create_environment_hook('px4_msgs', 'cmake_prefix_path')
[284.414s] INFO:colcon.colcon_core.shell:Creating environment hook '/home/shashi/ALDAS/aldas_ros_workspace/install/px4_msgs/share/px4_msgs/hook/cmake_prefix_path.ps1'
[284.415s] INFO:colcon.colcon_core.shell:Creating environment descriptor '/home/shashi/ALDAS/aldas_ros_workspace/install/px4_msgs/share/px4_msgs/hook/cmake_prefix_path.dsv'
[284.416s] INFO:colcon.colcon_core.shell:Creating environment hook '/home/shashi/ALDAS/aldas_ros_workspace/install/px4_msgs/share/px4_msgs/hook/cmake_prefix_path.sh'
[284.417s] Level 1:colcon.colcon_core.environment:checking '/home/shashi/ALDAS/aldas_ros_workspace/install/px4_msgs/lib'
[284.417s] Level 1:colcon.colcon_core.shell:create_environment_hook('px4_msgs', 'ld_library_path_lib')
[284.417s] INFO:colcon.colcon_core.shell:Creating environment hook '/home/shashi/ALDAS/aldas_ros_workspace/install/px4_msgs/share/px4_msgs/hook/ld_library_path_lib.ps1'
[284.418s] INFO:colcon.colcon_core.shell:Creating environment descriptor '/home/shashi/ALDAS/aldas_ros_workspace/install/px4_msgs/share/px4_msgs/hook/ld_library_path_lib.dsv'
[284.419s] INFO:colcon.colcon_core.shell:Creating environment hook '/home/shashi/ALDAS/aldas_ros_workspace/install/px4_msgs/share/px4_msgs/hook/ld_library_path_lib.sh'
[284.419s] Level 1:colcon.colcon_core.environment:checking '/home/shashi/ALDAS/aldas_ros_workspace/install/px4_msgs/bin'
[284.419s] Level 1:colcon.colcon_core.environment:checking '/home/shashi/ALDAS/aldas_ros_workspace/install/px4_msgs/lib/pkgconfig/px4_msgs.pc'
[284.420s] Level 1:colcon.colcon_core.environment:checking '/home/shashi/ALDAS/aldas_ros_workspace/install/px4_msgs/lib/python3.12/site-packages'
[284.420s] Level 1:colcon.colcon_core.shell:create_environment_hook('px4_msgs', 'pythonpath')
[284.420s] INFO:colcon.colcon_core.shell:Creating environment hook '/home/shashi/ALDAS/aldas_ros_workspace/install/px4_msgs/share/px4_msgs/hook/pythonpath.ps1'
[284.420s] INFO:colcon.colcon_core.shell:Creating environment descriptor '/home/shashi/ALDAS/aldas_ros_workspace/install/px4_msgs/share/px4_msgs/hook/pythonpath.dsv'
[284.421s] INFO:colcon.colcon_core.shell:Creating environment hook '/home/shashi/ALDAS/aldas_ros_workspace/install/px4_msgs/share/px4_msgs/hook/pythonpath.sh'
[284.422s] Level 1:colcon.colcon_core.environment:checking '/home/shashi/ALDAS/aldas_ros_workspace/install/px4_msgs/bin'
[284.422s] INFO:colcon.colcon_core.shell:Creating package script '/home/shashi/ALDAS/aldas_ros_workspace/install/px4_msgs/share/px4_msgs/package.ps1'
[284.423s] INFO:colcon.colcon_core.shell:Creating package descriptor '/home/shashi/ALDAS/aldas_ros_workspace/install/px4_msgs/share/px4_msgs/package.dsv'
[284.424s] INFO:colcon.colcon_core.shell:Creating package script '/home/shashi/ALDAS/aldas_ros_workspace/install/px4_msgs/share/px4_msgs/package.sh'
[284.425s] INFO:colcon.colcon_core.shell:Creating package script '/home/shashi/ALDAS/aldas_ros_workspace/install/px4_msgs/share/px4_msgs/package.bash'
[284.425s] INFO:colcon.colcon_core.shell:Creating package script '/home/shashi/ALDAS/aldas_ros_workspace/install/px4_msgs/share/px4_msgs/package.zsh'
[284.426s] Level 1:colcon.colcon_core.environment:create_file_with_runtime_dependencies(/home/shashi/ALDAS/aldas_ros_workspace/install/px4_msgs/share/colcon-core/packages/px4_msgs)
[284.427s] Level 1:colcon.colcon_core.environment:create_environment_scripts_only(px4_msgs)
[284.427s] Level 1:colcon.colcon_core.environment:checking '/home/shashi/ALDAS/aldas_ros_workspace/install/px4_msgs' for CMake module files
[284.427s] Level 1:colcon.colcon_core.environment:checking '/home/shashi/ALDAS/aldas_ros_workspace/install/px4_msgs' for CMake config files
[284.430s] Level 1:colcon.colcon_core.shell:create_environment_hook('px4_msgs', 'cmake_prefix_path')
[284.430s] INFO:colcon.colcon_core.shell:Creating environment hook '/home/shashi/ALDAS/aldas_ros_workspace/install/px4_msgs/share/px4_msgs/hook/cmake_prefix_path.ps1'
[284.431s] INFO:colcon.colcon_core.shell:Creating environment descriptor '/home/shashi/ALDAS/aldas_ros_workspace/install/px4_msgs/share/px4_msgs/hook/cmake_prefix_path.dsv'
[284.431s] INFO:colcon.colcon_core.shell:Creating environment hook '/home/shashi/ALDAS/aldas_ros_workspace/install/px4_msgs/share/px4_msgs/hook/cmake_prefix_path.sh'
[284.431s] Level 1:colcon.colcon_core.environment:checking '/home/shashi/ALDAS/aldas_ros_workspace/install/px4_msgs/lib'
[284.431s] Level 1:colcon.colcon_core.shell:create_environment_hook('px4_msgs', 'ld_library_path_lib')
[284.431s] INFO:colcon.colcon_core.shell:Creating environment hook '/home/shashi/ALDAS/aldas_ros_workspace/install/px4_msgs/share/px4_msgs/hook/ld_library_path_lib.ps1'
[284.432s] INFO:colcon.colcon_core.shell:Creating environment descriptor '/home/shashi/ALDAS/aldas_ros_workspace/install/px4_msgs/share/px4_msgs/hook/ld_library_path_lib.dsv'
[284.432s] INFO:colcon.colcon_core.shell:Creating environment hook '/home/shashi/ALDAS/aldas_ros_workspace/install/px4_msgs/share/px4_msgs/hook/ld_library_path_lib.sh'
[284.432s] Level 1:colcon.colcon_core.environment:checking '/home/shashi/ALDAS/aldas_ros_workspace/install/px4_msgs/bin'
[284.432s] Level 1:colcon.colcon_core.environment:checking '/home/shashi/ALDAS/aldas_ros_workspace/install/px4_msgs/lib/pkgconfig/px4_msgs.pc'
[284.432s] Level 1:colcon.colcon_core.environment:checking '/home/shashi/ALDAS/aldas_ros_workspace/install/px4_msgs/lib/python3.12/site-packages'
[284.432s] Level 1:colcon.colcon_core.shell:create_environment_hook('px4_msgs', 'pythonpath')
[284.433s] INFO:colcon.colcon_core.shell:Creating environment hook '/home/shashi/ALDAS/aldas_ros_workspace/install/px4_msgs/share/px4_msgs/hook/pythonpath.ps1'
[284.433s] INFO:colcon.colcon_core.shell:Creating environment descriptor '/home/shashi/ALDAS/aldas_ros_workspace/install/px4_msgs/share/px4_msgs/hook/pythonpath.dsv'
[284.433s] INFO:colcon.colcon_core.shell:Creating environment hook '/home/shashi/ALDAS/aldas_ros_workspace/install/px4_msgs/share/px4_msgs/hook/pythonpath.sh'
[284.434s] Level 1:colcon.colcon_core.environment:checking '/home/shashi/ALDAS/aldas_ros_workspace/install/px4_msgs/bin'
[284.434s] INFO:colcon.colcon_core.shell:Creating package script '/home/shashi/ALDAS/aldas_ros_workspace/install/px4_msgs/share/px4_msgs/package.ps1'
[284.434s] INFO:colcon.colcon_core.shell:Creating package descriptor '/home/shashi/ALDAS/aldas_ros_workspace/install/px4_msgs/share/px4_msgs/package.dsv'
[284.434s] INFO:colcon.colcon_core.shell:Creating package script '/home/shashi/ALDAS/aldas_ros_workspace/install/px4_msgs/share/px4_msgs/package.sh'
[284.435s] INFO:colcon.colcon_core.shell:Creating package script '/home/shashi/ALDAS/aldas_ros_workspace/install/px4_msgs/share/px4_msgs/package.bash'
[284.435s] INFO:colcon.colcon_core.shell:Creating package script '/home/shashi/ALDAS/aldas_ros_workspace/install/px4_msgs/share/px4_msgs/package.zsh'
[284.435s] Level 1:colcon.colcon_core.environment:create_file_with_runtime_dependencies(/home/shashi/ALDAS/aldas_ros_workspace/install/px4_msgs/share/colcon-core/packages/px4_msgs)
[284.435s] INFO:colcon.colcon_ros.task.ament_cmake.build:Building ROS package in '/home/shashi/ALDAS/aldas_ros_workspace/src/aldas_controller' with build type 'ament_cmake'
[284.435s] INFO:colcon.colcon_cmake.task.cmake.build:Building CMake package in '/home/shashi/ALDAS/aldas_ros_workspace/src/aldas_controller'
[284.436s] INFO:colcon.colcon_core.shell:Skip shell extension 'powershell' for command environment: Not usable outside of PowerShell
[284.436s] DEBUG:colcon.colcon_core.shell:Skip shell extension 'dsv' for command environment
[284.438s] INFO:colcon.colcon_ros.task.ament_python.build:Building ROS package in '/home/shashi/ALDAS/aldas_ros_workspace/src/aldas_state_machine' with build type 'ament_python'
[284.438s] Level 1:colcon.colcon_core.shell:create_environment_hook('aldas_state_machine', 'ament_prefix_path')
[284.439s] INFO:colcon.colcon_core.shell:Creating environment hook '/home/shashi/ALDAS/aldas_ros_workspace/install/aldas_state_machine/share/aldas_state_machine/hook/ament_prefix_path.ps1'
[284.439s] INFO:colcon.colcon_core.shell:Creating environment descriptor '/home/shashi/ALDAS/aldas_ros_workspace/install/aldas_state_machine/share/aldas_state_machine/hook/ament_prefix_path.dsv'
[284.439s] INFO:colcon.colcon_core.shell:Creating environment hook '/home/shashi/ALDAS/aldas_ros_workspace/install/aldas_state_machine/share/aldas_state_machine/hook/ament_prefix_path.sh'
[284.440s] INFO:colcon.colcon_core.shell:Skip shell extension 'powershell' for command environment: Not usable outside of PowerShell
[284.440s] DEBUG:colcon.colcon_core.shell:Skip shell extension 'dsv' for command environment
[284.442s] INFO:colcon.colcon_ros.task.ament_cmake.build:Building ROS package in '/home/shashi/ALDAS/aldas_ros_workspace/src/aldas_vision' with build type 'ament_cmake'
[284.442s] INFO:colcon.colcon_cmake.task.cmake.build:Building CMake package in '/home/shashi/ALDAS/aldas_ros_workspace/src/aldas_vision'
[284.442s] INFO:colcon.colcon_core.shell:Skip shell extension 'powershell' for command environment: Not usable outside of PowerShell
[284.443s] DEBUG:colcon.colcon_core.shell:Skip shell extension 'dsv' for command environment
[284.448s] DEBUG:colcon.colcon_core.event_handler.log_command:Invoking command in '/home/shashi/ALDAS/aldas_ros_workspace/build/aldas_controller': AMENT_PREFIX_PATH=/home/shashi/ALDAS/aldas_ros_workspace/install/px4_msgs:${AMENT_PREFIX_PATH} CMAKE_PREFIX_PATH=/home/shashi/ALDAS/aldas_ros_workspace/install/px4_msgs:/opt/ros/jazzy/opt/gz_math_vendor:/opt/ros/jazzy/opt/gz_utils_vendor:/opt/ros/jazzy/opt/gz_cmake_vendor:/opt/ros/jazzy DEBUGINFOD_URLS=https://debuginfod.ubuntu.com LD_LIBRARY_PATH=/home/shashi/ALDAS/aldas_ros_workspace/install/px4_msgs/lib:${LD_LIBRARY_PATH} PYTHONPATH=/home/shashi/ALDAS/aldas_ros_workspace/install/px4_msgs/lib/python3.12/site-packages:${PYTHONPATH} /usr/bin/cmake /home/shashi/ALDAS/aldas_ros_workspace/src/aldas_controller -DCMAKE_INSTALL_PREFIX=/home/shashi/ALDAS/aldas_ros_workspace/install/aldas_controller
[284.633s] INFO:colcon.colcon_core.task.python.build:Building Python package in '/home/shashi/ALDAS/aldas_ros_workspace/src/aldas_state_machine'
[284.634s] INFO:colcon.colcon_core.shell:Skip shell extension 'powershell' for command environment: Not usable outside of PowerShell
[284.634s] DEBUG:colcon.colcon_core.shell:Skip shell extension 'dsv' for command environment
[284.641s] DEBUG:colcon.colcon_core.event_handler.log_command:Invoking command in '/home/shashi/ALDAS/aldas_ros_workspace/build/aldas_vision': AMENT_PREFIX_PATH=/home/shashi/ALDAS/aldas_ros_workspace/install/px4_msgs:${AMENT_PREFIX_PATH} CMAKE_PREFIX_PATH=/home/shashi/ALDAS/aldas_ros_workspace/install/px4_msgs:/opt/ros/jazzy/opt/gz_math_vendor:/opt/ros/jazzy/opt/gz_utils_vendor:/opt/ros/jazzy/opt/gz_cmake_vendor:/opt/ros/jazzy DEBUGINFOD_URLS=https://debuginfod.ubuntu.com LD_LIBRARY_PATH=/home/shashi/ALDAS/aldas_ros_workspace/install/px4_msgs/lib:${LD_LIBRARY_PATH} PYTHONPATH=/home/shashi/ALDAS/aldas_ros_workspace/install/px4_msgs/lib/python3.12/site-packages:${PYTHONPATH} /usr/bin/cmake /home/shashi/ALDAS/aldas_ros_workspace/src/aldas_vision -DCMAKE_INSTALL_PREFIX=/home/shashi/ALDAS/aldas_ros_workspace/install/aldas_vision
[285.413s] DEBUG:colcon.colcon_core.task.python.build:Available setuptools commands: install_scripts, build_py, setopt, develop, easy_install, register, rotate, build_ext, check, init_catalog, build_clib, bdist_rpm, bdist_dumb, build_scripts, install, update_catalog, bdist_egg, alias, extract_messages, compile_catalog, saveopts, install_lib, symlink_data, bdist_wheel, install_headers, dist_info, egg_info, editable_wheel, install_egg_info, test, build, install_data, upload_docs, upload, sdist, clean, bdist
[285.415s] DEBUG:colcon.colcon_core.event_handler.log_command:Invoking command in '/home/shashi/ALDAS/aldas_ros_workspace/src/aldas_state_machine': AMENT_PREFIX_PATH=/home/shashi/ALDAS/aldas_ros_workspace/install/px4_msgs:${AMENT_PREFIX_PATH} CMAKE_PREFIX_PATH=/home/shashi/ALDAS/aldas_ros_workspace/install/px4_msgs:${CMAKE_PREFIX_PATH} DEBUGINFOD_URLS=https://debuginfod.ubuntu.com LD_LIBRARY_PATH=/home/shashi/ALDAS/aldas_ros_workspace/install/px4_msgs/lib:${LD_LIBRARY_PATH} PYTHONPATH=/home/shashi/ALDAS/aldas_ros_workspace/build/aldas_state_machine/prefix_override:/usr/lib/python3/dist-packages/colcon_core/task/python/colcon_distutils_commands:/home/shashi/ALDAS/aldas_ros_workspace/install/aldas_state_machine/lib/python3.12/site-packages:/home/shashi/ALDAS/aldas_ros_workspace/install/px4_msgs/lib/python3.12/site-packages:${PYTHONPATH} /usr/bin/python3 -W ignore:setup.py install is deprecated -W ignore:easy_install command is deprecated setup.py egg_info --egg-base ../../build/aldas_state_machine build --build-base /home/shashi/ALDAS/aldas_ros_workspace/build/aldas_state_machine/build install --record /home/shashi/ALDAS/aldas_ros_workspace/build/aldas_state_machine/install.log --install-scripts $base/lib/aldas_state_machine --single-version-externally-managed install_data
[285.691s] DEBUG:colcon.colcon_core.event_handler.log_command:Invoked command in '/home/shashi/ALDAS/aldas_ros_workspace/build/aldas_controller' returned '0': AMENT_PREFIX_PATH=/home/shashi/ALDAS/aldas_ros_workspace/install/px4_msgs:${AMENT_PREFIX_PATH} CMAKE_PREFIX_PATH=/home/shashi/ALDAS/aldas_ros_workspace/install/px4_msgs:/opt/ros/jazzy/opt/gz_math_vendor:/opt/ros/jazzy/opt/gz_utils_vendor:/opt/ros/jazzy/opt/gz_cmake_vendor:/opt/ros/jazzy DEBUGINFOD_URLS=https://debuginfod.ubuntu.com LD_LIBRARY_PATH=/home/shashi/ALDAS/aldas_ros_workspace/install/px4_msgs/lib:${LD_LIBRARY_PATH} PYTHONPATH=/home/shashi/ALDAS/aldas_ros_workspace/install/px4_msgs/lib/python3.12/site-packages:${PYTHONPATH} /usr/bin/cmake /home/shashi/ALDAS/aldas_ros_workspace/src/aldas_controller -DCMAKE_INSTALL_PREFIX=/home/shashi/ALDAS/aldas_ros_workspace/install/aldas_controller
[285.692s] DEBUG:colcon.colcon_core.event_handler.log_command:Invoking command in '/home/shashi/ALDAS/aldas_ros_workspace/build/aldas_controller': AMENT_PREFIX_PATH=/home/shashi/ALDAS/aldas_ros_workspace/install/px4_msgs:${AMENT_PREFIX_PATH} CMAKE_PREFIX_PATH=/home/shashi/ALDAS/aldas_ros_workspace/install/px4_msgs:/opt/ros/jazzy/opt/gz_math_vendor:/opt/ros/jazzy/opt/gz_utils_vendor:/opt/ros/jazzy/opt/gz_cmake_vendor:/opt/ros/jazzy DEBUGINFOD_URLS=https://debuginfod.ubuntu.com LD_LIBRARY_PATH=/home/shashi/ALDAS/aldas_ros_workspace/install/px4_msgs/lib:${LD_LIBRARY_PATH} PYTHONPATH=/home/shashi/ALDAS/aldas_ros_workspace/install/px4_msgs/lib/python3.12/site-packages:${PYTHONPATH} /usr/bin/cmake --build /home/shashi/ALDAS/aldas_ros_workspace/build/aldas_controller -- -j12 -l12
[285.741s] DEBUG:colcon.colcon_core.event_handler.log_command:Invoked command in '/home/shashi/ALDAS/aldas_ros_workspace/build/aldas_controller' returned '0': AMENT_PREFIX_PATH=/home/shashi/ALDAS/aldas_ros_workspace/install/px4_msgs:${AMENT_PREFIX_PATH} CMAKE_PREFIX_PATH=/home/shashi/ALDAS/aldas_ros_workspace/install/px4_msgs:/opt/ros/jazzy/opt/gz_math_vendor:/opt/ros/jazzy/opt/gz_utils_vendor:/opt/ros/jazzy/opt/gz_cmake_vendor:/opt/ros/jazzy DEBUGINFOD_URLS=https://debuginfod.ubuntu.com LD_LIBRARY_PATH=/home/shashi/ALDAS/aldas_ros_workspace/install/px4_msgs/lib:${LD_LIBRARY_PATH} PYTHONPATH=/home/shashi/ALDAS/aldas_ros_workspace/install/px4_msgs/lib/python3.12/site-packages:${PYTHONPATH} /usr/bin/cmake --build /home/shashi/ALDAS/aldas_ros_workspace/build/aldas_controller -- -j12 -l12
[285.743s] DEBUG:colcon.colcon_core.event_handler.log_command:Invoking command in '/home/shashi/ALDAS/aldas_ros_workspace/build/aldas_controller': AMENT_PREFIX_PATH=/home/shashi/ALDAS/aldas_ros_workspace/install/px4_msgs:${AMENT_PREFIX_PATH} CMAKE_PREFIX_PATH=/home/shashi/ALDAS/aldas_ros_workspace/install/px4_msgs:/opt/ros/jazzy/opt/gz_math_vendor:/opt/ros/jazzy/opt/gz_utils_vendor:/opt/ros/jazzy/opt/gz_cmake_vendor:/opt/ros/jazzy DEBUGINFOD_URLS=https://debuginfod.ubuntu.com LD_LIBRARY_PATH=/home/shashi/ALDAS/aldas_ros_workspace/install/px4_msgs/lib:${LD_LIBRARY_PATH} PYTHONPATH=/home/shashi/ALDAS/aldas_ros_workspace/install/px4_msgs/lib/python3.12/site-packages:${PYTHONPATH} /usr/bin/cmake --install /home/shashi/ALDAS/aldas_ros_workspace/build/aldas_controller
[285.756s] Level 1:colcon.colcon_core.environment:create_environment_scripts_only(aldas_controller)
[285.756s] Level 1:colcon.colcon_core.environment:checking '/home/shashi/ALDAS/aldas_ros_workspace/install/aldas_controller' for CMake module files
[285.757s] DEBUG:colcon.colcon_core.event_handler.log_command:Invoked command in '/home/shashi/ALDAS/aldas_ros_workspace/build/aldas_controller' returned '0': AMENT_PREFIX_PATH=/home/shashi/ALDAS/aldas_ros_workspace/install/px4_msgs:${AMENT_PREFIX_PATH} CMAKE_PREFIX_PATH=/home/shashi/ALDAS/aldas_ros_workspace/install/px4_msgs:/opt/ros/jazzy/opt/gz_math_vendor:/opt/ros/jazzy/opt/gz_utils_vendor:/opt/ros/jazzy/opt/gz_cmake_vendor:/opt/ros/jazzy DEBUGINFOD_URLS=https://debuginfod.ubuntu.com LD_LIBRARY_PATH=/home/shashi/ALDAS/aldas_ros_workspace/install/px4_msgs/lib:${LD_LIBRARY_PATH} PYTHONPATH=/home/shashi/ALDAS/aldas_ros_workspace/install/px4_msgs/lib/python3.12/site-packages:${PYTHONPATH} /usr/bin/cmake --install /home/shashi/ALDAS/aldas_ros_workspace/build/aldas_controller
[285.757s] Level 1:colcon.colcon_core.environment:checking '/home/shashi/ALDAS/aldas_ros_workspace/install/aldas_controller' for CMake config files
[285.757s] Level 1:colcon.colcon_core.shell:create_environment_hook('aldas_controller', 'cmake_prefix_path')
[285.757s] INFO:colcon.colcon_core.shell:Creating environment hook '/home/shashi/ALDAS/aldas_ros_workspace/install/aldas_controller/share/aldas_controller/hook/cmake_prefix_path.ps1'
[285.758s] INFO:colcon.colcon_core.shell:Creating environment descriptor '/home/shashi/ALDAS/aldas_ros_workspace/install/aldas_controller/share/aldas_controller/hook/cmake_prefix_path.dsv'
[285.758s] INFO:colcon.colcon_core.shell:Creating environment hook '/home/shashi/ALDAS/aldas_ros_workspace/install/aldas_controller/share/aldas_controller/hook/cmake_prefix_path.sh'
[285.759s] Level 1:colcon.colcon_core.environment:checking '/home/shashi/ALDAS/aldas_ros_workspace/install/aldas_controller/bin'
[285.759s] Level 1:colcon.colcon_core.environment:checking '/home/shashi/ALDAS/aldas_ros_workspace/install/aldas_controller/lib/pkgconfig/aldas_controller.pc'
[285.759s] Level 1:colcon.colcon_core.environment:checking '/home/shashi/ALDAS/aldas_ros_workspace/install/aldas_controller/lib/python3.12/site-packages'
[285.759s] Level 1:colcon.colcon_core.environment:checking '/home/shashi/ALDAS/aldas_ros_workspace/install/aldas_controller/bin'
[285.760s] INFO:colcon.colcon_core.shell:Creating package script '/home/shashi/ALDAS/aldas_ros_workspace/install/aldas_controller/share/aldas_controller/package.ps1'
[285.761s] INFO:colcon.colcon_core.shell:Creating package descriptor '/home/shashi/ALDAS/aldas_ros_workspace/install/aldas_controller/share/aldas_controller/package.dsv'
[285.761s] INFO:colcon.colcon_core.shell:Creating package script '/home/shashi/ALDAS/aldas_ros_workspace/install/aldas_controller/share/aldas_controller/package.sh'
[285.762s] INFO:colcon.colcon_core.shell:Creating package script '/home/shashi/ALDAS/aldas_ros_workspace/install/aldas_controller/share/aldas_controller/package.bash'
[285.762s] INFO:colcon.colcon_core.shell:Creating package script '/home/shashi/ALDAS/aldas_ros_workspace/install/aldas_controller/share/aldas_controller/package.zsh'
[285.762s] Level 1:colcon.colcon_core.environment:create_file_with_runtime_dependencies(/home/shashi/ALDAS/aldas_ros_workspace/install/aldas_controller/share/colcon-core/packages/aldas_controller)
[285.763s] Level 1:colcon.colcon_core.environment:create_environment_scripts_only(aldas_controller)
[285.763s] Level 1:colcon.colcon_core.environment:checking '/home/shashi/ALDAS/aldas_ros_workspace/install/aldas_controller' for CMake module files
[285.763s] Level 1:colcon.colcon_core.environment:checking '/home/shashi/ALDAS/aldas_ros_workspace/install/aldas_controller' for CMake config files
[285.763s] Level 1:colcon.colcon_core.shell:create_environment_hook('aldas_controller', 'cmake_prefix_path')
[285.764s] INFO:colcon.colcon_core.shell:Creating environment hook '/home/shashi/ALDAS/aldas_ros_workspace/install/aldas_controller/share/aldas_controller/hook/cmake_prefix_path.ps1'
[285.764s] INFO:colcon.colcon_core.shell:Creating environment descriptor '/home/shashi/ALDAS/aldas_ros_workspace/install/aldas_controller/share/aldas_controller/hook/cmake_prefix_path.dsv'
[285.765s] INFO:colcon.colcon_core.shell:Creating environment hook '/home/shashi/ALDAS/aldas_ros_workspace/install/aldas_controller/share/aldas_controller/hook/cmake_prefix_path.sh'
[285.765s] Level 1:colcon.colcon_core.environment:checking '/home/shashi/ALDAS/aldas_ros_workspace/install/aldas_controller/bin'
[285.766s] Level 1:colcon.colcon_core.environment:checking '/home/shashi/ALDAS/aldas_ros_workspace/install/aldas_controller/lib/pkgconfig/aldas_controller.pc'
[285.766s] Level 1:colcon.colcon_core.environment:checking '/home/shashi/ALDAS/aldas_ros_workspace/install/aldas_controller/lib/python3.12/site-packages'
[285.766s] Level 1:colcon.colcon_core.environment:checking '/home/shashi/ALDAS/aldas_ros_workspace/install/aldas_controller/bin'
[285.766s] INFO:colcon.colcon_core.shell:Creating package script '/home/shashi/ALDAS/aldas_ros_workspace/install/aldas_controller/share/aldas_controller/package.ps1'
[285.767s] INFO:colcon.colcon_core.shell:Creating package descriptor '/home/shashi/ALDAS/aldas_ros_workspace/install/aldas_controller/share/aldas_controller/package.dsv'
[285.768s] INFO:colcon.colcon_core.shell:Creating package script '/home/shashi/ALDAS/aldas_ros_workspace/install/aldas_controller/share/aldas_controller/package.sh'
[285.769s] INFO:colcon.colcon_core.shell:Creating package script '/home/shashi/ALDAS/aldas_ros_workspace/install/aldas_controller/share/aldas_controller/package.bash'
[285.769s] INFO:colcon.colcon_core.shell:Creating package script '/home/shashi/ALDAS/aldas_ros_workspace/install/aldas_controller/share/aldas_controller/package.zsh'
[285.770s] Level 1:colcon.colcon_core.environment:create_file_with_runtime_dependencies(/home/shashi/ALDAS/aldas_ros_workspace/install/aldas_controller/share/colcon-core/packages/aldas_controller)
[285.892s] DEBUG:colcon.colcon_core.event_handler.log_command:Invoked command in '/home/shashi/ALDAS/aldas_ros_workspace/build/aldas_vision' returned '0': AMENT_PREFIX_PATH=/home/shashi/ALDAS/aldas_ros_workspace/install/px4_msgs:${AMENT_PREFIX_PATH} CMAKE_PREFIX_PATH=/home/shashi/ALDAS/aldas_ros_workspace/install/px4_msgs:/opt/ros/jazzy/opt/gz_math_vendor:/opt/ros/jazzy/opt/gz_utils_vendor:/opt/ros/jazzy/opt/gz_cmake_vendor:/opt/ros/jazzy DEBUGINFOD_URLS=https://debuginfod.ubuntu.com LD_LIBRARY_PATH=/home/shashi/ALDAS/aldas_ros_workspace/install/px4_msgs/lib:${LD_LIBRARY_PATH} PYTHONPATH=/home/shashi/ALDAS/aldas_ros_workspace/install/px4_msgs/lib/python3.12/site-packages:${PYTHONPATH} /usr/bin/cmake /home/shashi/ALDAS/aldas_ros_workspace/src/aldas_vision -DCMAKE_INSTALL_PREFIX=/home/shashi/ALDAS/aldas_ros_workspace/install/aldas_vision
[285.894s] DEBUG:colcon.colcon_core.event_handler.log_command:Invoking command in '/home/shashi/ALDAS/aldas_ros_workspace/build/aldas_vision': AMENT_PREFIX_PATH=/home/shashi/ALDAS/aldas_ros_workspace/install/px4_msgs:${AMENT_PREFIX_PATH} CMAKE_PREFIX_PATH=/home/shashi/ALDAS/aldas_ros_workspace/install/px4_msgs:/opt/ros/jazzy/opt/gz_math_vendor:/opt/ros/jazzy/opt/gz_utils_vendor:/opt/ros/jazzy/opt/gz_cmake_vendor:/opt/ros/jazzy DEBUGINFOD_URLS=https://debuginfod.ubuntu.com LD_LIBRARY_PATH=/home/shashi/ALDAS/aldas_ros_workspace/install/px4_msgs/lib:${LD_LIBRARY_PATH} PYTHONPATH=/home/shashi/ALDAS/aldas_ros_workspace/install/px4_msgs/lib/python3.12/site-packages:${PYTHONPATH} /usr/bin/cmake --build /home/shashi/ALDAS/aldas_ros_workspace/build/aldas_vision -- -j12 -l12
[285.913s] Level 1:colcon.colcon_core.environment:checking '/home/shashi/ALDAS/aldas_ros_workspace/install/aldas_state_machine' for CMake module files
[285.914s] DEBUG:colcon.colcon_core.event_handler.log_command:Invoked command in '/home/shashi/ALDAS/aldas_ros_workspace/src/aldas_state_machine' returned '0': AMENT_PREFIX_PATH=/home/shashi/ALDAS/aldas_ros_workspace/install/px4_msgs:${AMENT_PREFIX_PATH} CMAKE_PREFIX_PATH=/home/shashi/ALDAS/aldas_ros_workspace/install/px4_msgs:${CMAKE_PREFIX_PATH} DEBUGINFOD_URLS=https://debuginfod.ubuntu.com LD_LIBRARY_PATH=/home/shashi/ALDAS/aldas_ros_workspace/install/px4_msgs/lib:${LD_LIBRARY_PATH} PYTHONPATH=/home/shashi/ALDAS/aldas_ros_workspace/build/aldas_state_machine/prefix_override:/usr/lib/python3/dist-packages/colcon_core/task/python/colcon_distutils_commands:/home/shashi/ALDAS/aldas_ros_workspace/install/aldas_state_machine/lib/python3.12/site-packages:/home/shashi/ALDAS/aldas_ros_workspace/install/px4_msgs/lib/python3.12/site-packages:${PYTHONPATH} /usr/bin/python3 -W ignore:setup.py install is deprecated -W ignore:easy_install command is deprecated setup.py egg_info --egg-base ../../build/aldas_state_machine build --build-base /home/shashi/ALDAS/aldas_ros_workspace/build/aldas_state_machine/build install --record /home/shashi/ALDAS/aldas_ros_workspace/build/aldas_state_machine/install.log --install-scripts $base/lib/aldas_state_machine --single-version-externally-managed install_data
[285.914s] Level 1:colcon.colcon_core.environment:checking '/home/shashi/ALDAS/aldas_ros_workspace/install/aldas_state_machine' for CMake config files
[285.915s] Level 1:colcon.colcon_core.environment:checking '/home/shashi/ALDAS/aldas_ros_workspace/install/aldas_state_machine/lib'
[285.915s] Level 1:colcon.colcon_core.environment:checking '/home/shashi/ALDAS/aldas_ros_workspace/install/aldas_state_machine/bin'
[285.915s] Level 1:colcon.colcon_core.environment:checking '/home/shashi/ALDAS/aldas_ros_workspace/install/aldas_state_machine/lib/pkgconfig/aldas_state_machine.pc'
[285.915s] Level 1:colcon.colcon_core.environment:checking '/home/shashi/ALDAS/aldas_ros_workspace/install/aldas_state_machine/lib/python3.12/site-packages'
[285.915s] Level 1:colcon.colcon_core.shell:create_environment_hook('aldas_state_machine', 'pythonpath')
[285.915s] INFO:colcon.colcon_core.shell:Creating environment hook '/home/shashi/ALDAS/aldas_ros_workspace/install/aldas_state_machine/share/aldas_state_machine/hook/pythonpath.ps1'
[285.916s] INFO:colcon.colcon_core.shell:Creating environment descriptor '/home/shashi/ALDAS/aldas_ros_workspace/install/aldas_state_machine/share/aldas_state_machine/hook/pythonpath.dsv'
[285.916s] INFO:colcon.colcon_core.shell:Creating environment hook '/home/shashi/ALDAS/aldas_ros_workspace/install/aldas_state_machine/share/aldas_state_machine/hook/pythonpath.sh'
[285.916s] Level 1:colcon.colcon_core.environment:checking '/home/shashi/ALDAS/aldas_ros_workspace/install/aldas_state_machine/bin'
[285.916s] Level 1:colcon.colcon_core.environment:create_environment_scripts_only(aldas_state_machine)
[285.917s] INFO:colcon.colcon_core.shell:Creating package script '/home/shashi/ALDAS/aldas_ros_workspace/install/aldas_state_machine/share/aldas_state_machine/package.ps1'
[285.917s] INFO:colcon.colcon_core.shell:Creating package descriptor '/home/shashi/ALDAS/aldas_ros_workspace/install/aldas_state_machine/share/aldas_state_machine/package.dsv'
[285.917s] INFO:colcon.colcon_core.shell:Creating package script '/home/shashi/ALDAS/aldas_ros_workspace/install/aldas_state_machine/share/aldas_state_machine/package.sh'
[285.918s] INFO:colcon.colcon_core.shell:Creating package script '/home/shashi/ALDAS/aldas_ros_workspace/install/aldas_state_machine/share/aldas_state_machine/package.bash'
[285.918s] INFO:colcon.colcon_core.shell:Creating package script '/home/shashi/ALDAS/aldas_ros_workspace/install/aldas_state_machine/share/aldas_state_machine/package.zsh'
[285.918s] Level 1:colcon.colcon_core.environment:create_file_with_runtime_dependencies(/home/shashi/ALDAS/aldas_ros_workspace/install/aldas_state_machine/share/colcon-core/packages/aldas_state_machine)
[285.931s] DEBUG:colcon.colcon_core.event_handler.log_command:Invoked command in '/home/shashi/ALDAS/aldas_ros_workspace/build/aldas_vision' returned '0': AMENT_PREFIX_PATH=/home/shashi/ALDAS/aldas_ros_workspace/install/px4_msgs:${AMENT_PREFIX_PATH} CMAKE_PREFIX_PATH=/home/shashi/ALDAS/aldas_ros_workspace/install/px4_msgs:/opt/ros/jazzy/opt/gz_math_vendor:/opt/ros/jazzy/opt/gz_utils_vendor:/opt/ros/jazzy/opt/gz_cmake_vendor:/opt/ros/jazzy DEBUGINFOD_URLS=https://debuginfod.ubuntu.com LD_LIBRARY_PATH=/home/shashi/ALDAS/aldas_ros_workspace/install/px4_msgs/lib:${LD_LIBRARY_PATH} PYTHONPATH=/home/shashi/ALDAS/aldas_ros_workspace/install/px4_msgs/lib/python3.12/site-packages:${PYTHONPATH} /usr/bin/cmake --build /home/shashi/ALDAS/aldas_ros_workspace/build/aldas_vision -- -j12 -l12
[285.932s] DEBUG:colcon.colcon_core.event_handler.log_command:Invoking command in '/home/shashi/ALDAS/aldas_ros_workspace/build/aldas_vision': AMENT_PREFIX_PATH=/home/shashi/ALDAS/aldas_ros_workspace/install/px4_msgs:${AMENT_PREFIX_PATH} CMAKE_PREFIX_PATH=/home/shashi/ALDAS/aldas_ros_workspace/install/px4_msgs:/opt/ros/jazzy/opt/gz_math_vendor:/opt/ros/jazzy/opt/gz_utils_vendor:/opt/ros/jazzy/opt/gz_cmake_vendor:/opt/ros/jazzy DEBUGINFOD_URLS=https://debuginfod.ubuntu.com LD_LIBRARY_PATH=/home/shashi/ALDAS/aldas_ros_workspace/install/px4_msgs/lib:${LD_LIBRARY_PATH} PYTHONPATH=/home/shashi/ALDAS/aldas_ros_workspace/install/px4_msgs/lib/python3.12/site-packages:${PYTHONPATH} /usr/bin/cmake --install /home/shashi/ALDAS/aldas_ros_workspace/build/aldas_vision
[285.940s] Level 1:colcon.colcon_core.environment:create_environment_scripts_only(aldas_vision)
[285.941s] Level 1:colcon.colcon_core.environment:checking '/home/shashi/ALDAS/aldas_ros_workspace/install/aldas_vision' for CMake module files
[285.941s] DEBUG:colcon.colcon_core.event_handler.log_command:Invoked command in '/home/shashi/ALDAS/aldas_ros_workspace/build/aldas_vision' returned '0': AMENT_PREFIX_PATH=/home/shashi/ALDAS/aldas_ros_workspace/install/px4_msgs:${AMENT_PREFIX_PATH} CMAKE_PREFIX_PATH=/home/shashi/ALDAS/aldas_ros_workspace/install/px4_msgs:/opt/ros/jazzy/opt/gz_math_vendor:/opt/ros/jazzy/opt/gz_utils_vendor:/opt/ros/jazzy/opt/gz_cmake_vendor:/opt/ros/jazzy DEBUGINFOD_URLS=https://debuginfod.ubuntu.com LD_LIBRARY_PATH=/home/shashi/ALDAS/aldas_ros_workspace/install/px4_msgs/lib:${LD_LIBRARY_PATH} PYTHONPATH=/home/shashi/ALDAS/aldas_ros_workspace/install/px4_msgs/lib/python3.12/site-packages:${PYTHONPATH} /usr/bin/cmake --install /home/shashi/ALDAS/aldas_ros_workspace/build/aldas_vision
[285.941s] Level 1:colcon.colcon_core.environment:checking '/home/shashi/ALDAS/aldas_ros_workspace/install/aldas_vision' for CMake config files
[285.942s] Level 1:colcon.colcon_core.shell:create_environment_hook('aldas_vision', 'cmake_prefix_path')
[285.942s] INFO:colcon.colcon_core.shell:Creating environment hook '/home/shashi/ALDAS/aldas_ros_workspace/install/aldas_vision/share/aldas_vision/hook/cmake_prefix_path.ps1'
[285.942s] INFO:colcon.colcon_core.shell:Creating environment descriptor '/home/shashi/ALDAS/aldas_ros_workspace/install/aldas_vision/share/aldas_vision/hook/cmake_prefix_path.dsv'
[285.942s] INFO:colcon.colcon_core.shell:Creating environment hook '/home/shashi/ALDAS/aldas_ros_workspace/install/aldas_vision/share/aldas_vision/hook/cmake_prefix_path.sh'
[285.943s] Level 1:colcon.colcon_core.environment:checking '/home/shashi/ALDAS/aldas_ros_workspace/install/aldas_vision/bin'
[285.943s] Level 1:colcon.colcon_core.environment:checking '/home/shashi/ALDAS/aldas_ros_workspace/install/aldas_vision/lib/pkgconfig/aldas_vision.pc'
[285.943s] Level 1:colcon.colcon_core.environment:checking '/home/shashi/ALDAS/aldas_ros_workspace/install/aldas_vision/lib/python3.12/site-packages'
[285.943s] Level 1:colcon.colcon_core.environment:checking '/home/shashi/ALDAS/aldas_ros_workspace/install/aldas_vision/bin'
[285.944s] INFO:colcon.colcon_core.shell:Creating package script '/home/shashi/ALDAS/aldas_ros_workspace/install/aldas_vision/share/aldas_vision/package.ps1'
[285.944s] INFO:colcon.colcon_core.shell:Creating package descriptor '/home/shashi/ALDAS/aldas_ros_workspace/install/aldas_vision/share/aldas_vision/package.dsv'
[285.944s] INFO:colcon.colcon_core.shell:Creating package script '/home/shashi/ALDAS/aldas_ros_workspace/install/aldas_vision/share/aldas_vision/package.sh'
[285.945s] INFO:colcon.colcon_core.shell:Creating package script '/home/shashi/ALDAS/aldas_ros_workspace/install/aldas_vision/share/aldas_vision/package.bash'
[285.945s] INFO:colcon.colcon_core.shell:Creating package script '/home/shashi/ALDAS/aldas_ros_workspace/install/aldas_vision/share/aldas_vision/package.zsh'
[285.945s] Level 1:colcon.colcon_core.environment:create_file_with_runtime_dependencies(/home/shashi/ALDAS/aldas_ros_workspace/install/aldas_vision/share/colcon-core/packages/aldas_vision)
[285.945s] Level 1:colcon.colcon_core.environment:create_environment_scripts_only(aldas_vision)
[285.945s] Level 1:colcon.colcon_core.environment:checking '/home/shashi/ALDAS/aldas_ros_workspace/install/aldas_vision' for CMake module files
[285.946s] Level 1:colcon.colcon_core.environment:checking '/home/shashi/ALDAS/aldas_ros_workspace/install/aldas_vision' for CMake config files
[285.946s] Level 1:colcon.colcon_core.shell:create_environment_hook('aldas_vision', 'cmake_prefix_path')
[285.946s] INFO:colcon.colcon_core.shell:Creating environment hook '/home/shashi/ALDAS/aldas_ros_workspace/install/aldas_vision/share/aldas_vision/hook/cmake_prefix_path.ps1'
[285.946s] INFO:colcon.colcon_core.shell:Creating environment descriptor '/home/shashi/ALDAS/aldas_ros_workspace/install/aldas_vision/share/aldas_vision/hook/cmake_prefix_path.dsv'
[285.947s] INFO:colcon.colcon_core.shell:Creating environment hook '/home/shashi/ALDAS/aldas_ros_workspace/install/aldas_vision/share/aldas_vision/hook/cmake_prefix_path.sh'
[285.947s] Level 1:colcon.colcon_core.environment:checking '/home/shashi/ALDAS/aldas_ros_workspace/install/aldas_vision/bin'
[285.947s] Level 1:colcon.colcon_core.environment:checking '/home/shashi/ALDAS/aldas_ros_workspace/install/aldas_vision/lib/pkgconfig/aldas_vision.pc'
[285.947s] Level 1:colcon.colcon_core.environment:checking '/home/shashi/ALDAS/aldas_ros_workspace/install/aldas_vision/lib/python3.12/site-packages'
[285.947s] Level 1:colcon.colcon_core.environment:checking '/home/shashi/ALDAS/aldas_ros_workspace/install/aldas_vision/bin'
[285.947s] INFO:colcon.colcon_core.shell:Creating package script '/home/shashi/ALDAS/aldas_ros_workspace/install/aldas_vision/share/aldas_vision/package.ps1'
[285.948s] INFO:colcon.colcon_core.shell:Creating package descriptor '/home/shashi/ALDAS/aldas_ros_workspace/install/aldas_vision/share/aldas_vision/package.dsv'
[285.948s] INFO:colcon.colcon_core.shell:Creating package script '/home/shashi/ALDAS/aldas_ros_workspace/install/aldas_vision/share/aldas_vision/package.sh'
[285.948s] INFO:colcon.colcon_core.shell:Creating package script '/home/shashi/ALDAS/aldas_ros_workspace/install/aldas_vision/share/aldas_vision/package.bash'
[285.949s] INFO:colcon.colcon_core.shell:Creating package script '/home/shashi/ALDAS/aldas_ros_workspace/install/aldas_vision/share/aldas_vision/package.zsh'
[285.949s] Level 1:colcon.colcon_core.environment:create_file_with_runtime_dependencies(/home/shashi/ALDAS/aldas_ros_workspace/install/aldas_vision/share/colcon-core/packages/aldas_vision)
[285.949s] DEBUG:colcon.colcon_parallel_executor.executor.parallel:closing loop
[285.949s] DEBUG:colcon.colcon_parallel_executor.executor.parallel:loop closed
[285.949s] DEBUG:colcon.colcon_parallel_executor.executor.parallel:run_until_complete finished with '0'
[285.949s] DEBUG:colcon.colcon_core.event_reactor:joining thread
[285.958s] INFO:colcon.colcon_core.plugin_system:Skipping extension 'colcon_notification.desktop_notification.terminal_notifier': Not used on non-Darwin systems
[285.958s] INFO:colcon.colcon_core.plugin_system:Skipping extension 'colcon_notification.desktop_notification.win32': Not used on non-Windows systems
[285.958s] INFO:colcon.colcon_notification.desktop_notification:Sending desktop notification using 'notify2'
[285.977s] DEBUG:colcon.colcon_core.event_reactor:joined thread
[285.977s] INFO:colcon.colcon_core.shell:Creating prefix script '/home/shashi/ALDAS/aldas_ros_workspace/install/local_setup.ps1'
[285.978s] INFO:colcon.colcon_core.shell:Creating prefix util module '/home/shashi/ALDAS/aldas_ros_workspace/install/_local_setup_util_ps1.py'
[285.979s] INFO:colcon.colcon_core.shell:Creating prefix chain script '/home/shashi/ALDAS/aldas_ros_workspace/install/setup.ps1'
[285.980s] INFO:colcon.colcon_core.shell:Creating prefix script '/home/shashi/ALDAS/aldas_ros_workspace/install/local_setup.sh'
[285.981s] INFO:colcon.colcon_core.shell:Creating prefix util module '/home/shashi/ALDAS/aldas_ros_workspace/install/_local_setup_util_sh.py'
[285.982s] INFO:colcon.colcon_core.shell:Creating prefix chain script '/home/shashi/ALDAS/aldas_ros_workspace/install/setup.sh'
[285.982s] INFO:colcon.colcon_core.shell:Creating prefix script '/home/shashi/ALDAS/aldas_ros_workspace/install/local_setup.bash'
[285.983s] INFO:colcon.colcon_core.shell:Creating prefix chain script '/home/shashi/ALDAS/aldas_ros_workspace/install/setup.bash'
[285.983s] INFO:colcon.colcon_core.shell:Creating prefix script '/home/shashi/ALDAS/aldas_ros_workspace/install/local_setup.zsh'
[285.984s] INFO:colcon.colcon_core.shell:Creating prefix chain script '/home/shashi/ALDAS/aldas_ros_workspace/install/setup.zsh'
