[0.976s] Invoking command in '/home/shashi/ALDAS/aldas_ros_workspace/src/aldas_state_machine': AMENT_PREFIX_PATH=/home/shashi/ALDAS/aldas_ros_workspace/install/px4_msgs:${AMENT_PREFIX_PATH} CMAKE_PREFIX_PATH=/home/shashi/ALDAS/aldas_ros_workspace/install/px4_msgs:${CMAKE_PREFIX_PATH} DEBUGINFOD_URLS=https://debuginfod.ubuntu.com LD_LIBRARY_PATH=/home/shashi/ALDAS/aldas_ros_workspace/install/px4_msgs/lib:${LD_LIBRARY_PATH} PYTHONPATH=/home/shashi/ALDAS/aldas_ros_workspace/build/aldas_state_machine/prefix_override:/usr/lib/python3/dist-packages/colcon_core/task/python/colcon_distutils_commands:/home/shashi/ALDAS/aldas_ros_workspace/install/aldas_state_machine/lib/python3.12/site-packages:/home/shashi/ALDAS/aldas_ros_workspace/install/px4_msgs/lib/python3.12/site-packages:${PYTHONPATH} /usr/bin/python3 -W ignore:setup.py install is deprecated -W ignore:easy_install command is deprecated setup.py egg_info --egg-base ../../build/aldas_state_machine build --build-base /home/shashi/ALDAS/aldas_ros_workspace/build/aldas_state_machine/build install --record /home/shashi/ALDAS/aldas_ros_workspace/build/aldas_state_machine/install.log --install-scripts $base/lib/aldas_state_machine --single-version-externally-managed install_data
[1.229s] running egg_info
[1.229s] creating ../../build/aldas_state_machine/aldas_state_machine.egg-info
[1.246s] writing ../../build/aldas_state_machine/aldas_state_machine.egg-info/PKG-INFO
[1.246s] writing dependency_links to ../../build/aldas_state_machine/aldas_state_machine.egg-info/dependency_links.txt
[1.246s] writing requirements to ../../build/aldas_state_machine/aldas_state_machine.egg-info/requires.txt
[1.246s] writing top-level names to ../../build/aldas_state_machine/aldas_state_machine.egg-info/top_level.txt
[1.246s] writing manifest file '../../build/aldas_state_machine/aldas_state_machine.egg-info/SOURCES.txt'
[1.277s] reading manifest file '../../build/aldas_state_machine/aldas_state_machine.egg-info/SOURCES.txt'
[1.278s] writing manifest file '../../build/aldas_state_machine/aldas_state_machine.egg-info/SOURCES.txt'
[1.278s] running build
[1.278s] running build_py
[1.278s] creating /home/shashi/ALDAS/aldas_ros_workspace/build/aldas_state_machine/build
[1.279s] creating /home/shashi/ALDAS/aldas_ros_workspace/build/aldas_state_machine/build/lib
[1.279s] creating /home/shashi/ALDAS/aldas_ros_workspace/build/aldas_state_machine/build/lib/aldas_state_machine
[1.279s] copying aldas_state_machine/__init__.py -> /home/shashi/ALDAS/aldas_ros_workspace/build/aldas_state_machine/build/lib/aldas_state_machine
[1.279s] running install
[1.285s] running install_lib
[1.300s] creating /home/shashi/ALDAS/aldas_ros_workspace/install/aldas_state_machine/lib/python3.12/site-packages/aldas_state_machine
[1.300s] copying /home/shashi/ALDAS/aldas_ros_workspace/build/aldas_state_machine/build/lib/aldas_state_machine/__init__.py -> /home/shashi/ALDAS/aldas_ros_workspace/install/aldas_state_machine/lib/python3.12/site-packages/aldas_state_machine
[1.301s] byte-compiling /home/shashi/ALDAS/aldas_ros_workspace/install/aldas_state_machine/lib/python3.12/site-packages/aldas_state_machine/__init__.py to __init__.cpython-312.pyc
[1.301s] running install_data
[1.301s] creating /home/shashi/ALDAS/aldas_ros_workspace/install/aldas_state_machine/share/ament_index
[1.301s] creating /home/shashi/ALDAS/aldas_ros_workspace/install/aldas_state_machine/share/ament_index/resource_index
[1.302s] creating /home/shashi/ALDAS/aldas_ros_workspace/install/aldas_state_machine/share/ament_index/resource_index/packages
[1.302s] copying resource/aldas_state_machine -> /home/shashi/ALDAS/aldas_ros_workspace/install/aldas_state_machine/share/ament_index/resource_index/packages
[1.302s] copying package.xml -> /home/shashi/ALDAS/aldas_ros_workspace/install/aldas_state_machine/share/aldas_state_machine
[1.302s] running install_egg_info
[1.322s] Copying ../../build/aldas_state_machine/aldas_state_machine.egg-info to /home/shashi/ALDAS/aldas_ros_workspace/install/aldas_state_machine/lib/python3.12/site-packages/aldas_state_machine-0.0.0-py3.12.egg-info
[1.323s] running install_scripts
[1.439s] writing list of installed files to '/home/shashi/ALDAS/aldas_ros_workspace/build/aldas_state_machine/install.log'
[1.475s] Invoked command in '/home/shashi/ALDAS/aldas_ros_workspace/src/aldas_state_machine' returned '0': AMENT_PREFIX_PATH=/home/shashi/ALDAS/aldas_ros_workspace/install/px4_msgs:${AMENT_PREFIX_PATH} CMAKE_PREFIX_PATH=/home/shashi/ALDAS/aldas_ros_workspace/install/px4_msgs:${CMAKE_PREFIX_PATH} DEBUGINFOD_URLS=https://debuginfod.ubuntu.com LD_LIBRARY_PATH=/home/shashi/ALDAS/aldas_ros_workspace/install/px4_msgs/lib:${LD_LIBRARY_PATH} PYTHONPATH=/home/shashi/ALDAS/aldas_ros_workspace/build/aldas_state_machine/prefix_override:/usr/lib/python3/dist-packages/colcon_core/task/python/colcon_distutils_commands:/home/shashi/ALDAS/aldas_ros_workspace/install/aldas_state_machine/lib/python3.12/site-packages:/home/shashi/ALDAS/aldas_ros_workspace/install/px4_msgs/lib/python3.12/site-packages:${PYTHONPATH} /usr/bin/python3 -W ignore:setup.py install is deprecated -W ignore:easy_install command is deprecated setup.py egg_info --egg-base ../../build/aldas_state_machine build --build-base /home/shashi/ALDAS/aldas_ros_workspace/build/aldas_state_machine/build install --record /home/shashi/ALDAS/aldas_ros_workspace/build/aldas_state_machine/install.log --install-scripts $base/lib/aldas_state_machine --single-version-externally-managed install_data
