[0.198s] Invoking command in '/home/shashi/ALDAS/aldas_ros_workspace/build/aldas_vision': AMENT_PREFIX_PATH=/home/shashi/ALDAS/aldas_ros_workspace/install/px4_msgs:${AMENT_PREFIX_PATH} CMAKE_PREFIX_PATH=/home/shashi/ALDAS/aldas_ros_workspace/install/px4_msgs:/opt/ros/jazzy/opt/gz_math_vendor:/opt/ros/jazzy/opt/gz_utils_vendor:/opt/ros/jazzy/opt/gz_cmake_vendor:/opt/ros/jazzy DEBUGINFOD_URLS=https://debuginfod.ubuntu.com LD_LIBRARY_PATH=/home/shashi/ALDAS/aldas_ros_workspace/install/px4_msgs/lib:${LD_LIBRARY_PATH} PYTHONPATH=/home/shashi/ALDAS/aldas_ros_workspace/install/px4_msgs/lib/python3.12/site-packages:${PYTHONPATH} /usr/bin/cmake /home/shashi/ALDAS/aldas_ros_workspace/src/aldas_vision -DCMAKE_INSTALL_PREFIX=/home/shashi/ALDAS/aldas_ros_workspace/install/aldas_vision
[0.248s] -- The C compiler identification is GNU 13.3.0
[0.298s] -- The CXX compiler identification is GNU 13.3.0
[0.315s] -- Detecting C compiler ABI info
[0.408s] -- Detecting C compiler ABI info - done
[0.418s] -- Check for working C compiler: /usr/bin/cc - skipped
[0.418s] -- Detecting C compile features
[0.419s] -- Detecting C compile features - done
[0.428s] -- Detecting CXX compiler ABI info
[0.523s] -- Detecting CXX compiler ABI info - done
[0.536s] -- Check for working CXX compiler: /usr/bin/c++ - skipped
[0.536s] -- Detecting CXX compile features
[0.537s] -- Detecting CXX compile features - done
[0.539s] -- Found ament_cmake: 2.5.6 (/opt/ros/jazzy/share/ament_cmake/cmake)
[0.696s] -- Found Python3: /usr/bin/python3 (found version "3.12.3") found components: Interpreter 
[0.804s] -- Found rclcpp: 28.1.21 (/opt/ros/jazzy/share/rclcpp/cmake)
[0.848s] -- Found rosidl_generator_c: 4.6.9 (/opt/ros/jazzy/share/rosidl_generator_c/cmake)
[0.863s] -- Found rosidl_generator_cpp: 4.6.9 (/opt/ros/jazzy/share/rosidl_generator_cpp/cmake)
[0.881s] -- Using all available rosidl_typesupport_c: rosidl_typesupport_fastrtps_c;rosidl_typesupport_introspection_c
[0.900s] -- Using all available rosidl_typesupport_cpp: rosidl_typesupport_fastrtps_cpp;rosidl_typesupport_introspection_cpp
[0.971s] -- Found rmw_implementation_cmake: 7.3.3 (/opt/ros/jazzy/share/rmw_implementation_cmake/cmake)
[0.973s] -- Found rmw_fastrtps_cpp: 8.4.4 (/opt/ros/jazzy/share/rmw_fastrtps_cpp/cmake)
[1.060s] -- Found OpenSSL: /usr/lib/x86_64-linux-gnu/libcrypto.so (found version "3.0.13")  
[1.088s] -- Found FastRTPS: /opt/ros/jazzy/include (Required is at least version "2.13") 
[1.119s] -- Using RMW implementation 'rmw_fastrtps_cpp' as default
[1.203s] -- Found cv_bridge: 4.1.0 (/opt/ros/jazzy/share/cv_bridge/cmake)
[1.296s] -- Found px4_msgs: 1.17.0 (/home/shashi/ALDAS/aldas_ros_workspace/install/px4_msgs/share/px4_msgs/cmake)
[1.315s] -- Found ament_lint_auto: 0.17.5 (/opt/ros/jazzy/share/ament_lint_auto/cmake)
[1.431s] -- Added test 'lint_cmake' to check CMake code style
[1.432s] -- Added test 'xmllint' to check XML markup files
[1.433s] -- Configuring done (1.2s)
[1.437s] -- Generating done (0.0s)
[1.439s] -- Build files have been written to: /home/shashi/ALDAS/aldas_ros_workspace/build/aldas_vision
[1.450s] Invoked command in '/home/shashi/ALDAS/aldas_ros_workspace/build/aldas_vision' returned '0': AMENT_PREFIX_PATH=/home/shashi/ALDAS/aldas_ros_workspace/install/px4_msgs:${AMENT_PREFIX_PATH} CMAKE_PREFIX_PATH=/home/shashi/ALDAS/aldas_ros_workspace/install/px4_msgs:/opt/ros/jazzy/opt/gz_math_vendor:/opt/ros/jazzy/opt/gz_utils_vendor:/opt/ros/jazzy/opt/gz_cmake_vendor:/opt/ros/jazzy DEBUGINFOD_URLS=https://debuginfod.ubuntu.com LD_LIBRARY_PATH=/home/shashi/ALDAS/aldas_ros_workspace/install/px4_msgs/lib:${LD_LIBRARY_PATH} PYTHONPATH=/home/shashi/ALDAS/aldas_ros_workspace/install/px4_msgs/lib/python3.12/site-packages:${PYTHONPATH} /usr/bin/cmake /home/shashi/ALDAS/aldas_ros_workspace/src/aldas_vision -DCMAKE_INSTALL_PREFIX=/home/shashi/ALDAS/aldas_ros_workspace/install/aldas_vision
[1.451s] Invoking command in '/home/shashi/ALDAS/aldas_ros_workspace/build/aldas_vision': AMENT_PREFIX_PATH=/home/shashi/ALDAS/aldas_ros_workspace/install/px4_msgs:${AMENT_PREFIX_PATH} CMAKE_PREFIX_PATH=/home/shashi/ALDAS/aldas_ros_workspace/install/px4_msgs:/opt/ros/jazzy/opt/gz_math_vendor:/opt/ros/jazzy/opt/gz_utils_vendor:/opt/ros/jazzy/opt/gz_cmake_vendor:/opt/ros/jazzy DEBUGINFOD_URLS=https://debuginfod.ubuntu.com LD_LIBRARY_PATH=/home/shashi/ALDAS/aldas_ros_workspace/install/px4_msgs/lib:${LD_LIBRARY_PATH} PYTHONPATH=/home/shashi/ALDAS/aldas_ros_workspace/install/px4_msgs/lib/python3.12/site-packages:${PYTHONPATH} /usr/bin/cmake --build /home/shashi/ALDAS/aldas_ros_workspace/build/aldas_vision -- -j12 -l12
[1.488s] Invoked command in '/home/shashi/ALDAS/aldas_ros_workspace/build/aldas_vision' returned '0': AMENT_PREFIX_PATH=/home/shashi/ALDAS/aldas_ros_workspace/install/px4_msgs:${AMENT_PREFIX_PATH} CMAKE_PREFIX_PATH=/home/shashi/ALDAS/aldas_ros_workspace/install/px4_msgs:/opt/ros/jazzy/opt/gz_math_vendor:/opt/ros/jazzy/opt/gz_utils_vendor:/opt/ros/jazzy/opt/gz_cmake_vendor:/opt/ros/jazzy DEBUGINFOD_URLS=https://debuginfod.ubuntu.com LD_LIBRARY_PATH=/home/shashi/ALDAS/aldas_ros_workspace/install/px4_msgs/lib:${LD_LIBRARY_PATH} PYTHONPATH=/home/shashi/ALDAS/aldas_ros_workspace/install/px4_msgs/lib/python3.12/site-packages:${PYTHONPATH} /usr/bin/cmake --build /home/shashi/ALDAS/aldas_ros_workspace/build/aldas_vision -- -j12 -l12
[1.489s] Invoking command in '/home/shashi/ALDAS/aldas_ros_workspace/build/aldas_vision': AMENT_PREFIX_PATH=/home/shashi/ALDAS/aldas_ros_workspace/install/px4_msgs:${AMENT_PREFIX_PATH} CMAKE_PREFIX_PATH=/home/shashi/ALDAS/aldas_ros_workspace/install/px4_msgs:/opt/ros/jazzy/opt/gz_math_vendor:/opt/ros/jazzy/opt/gz_utils_vendor:/opt/ros/jazzy/opt/gz_cmake_vendor:/opt/ros/jazzy DEBUGINFOD_URLS=https://debuginfod.ubuntu.com LD_LIBRARY_PATH=/home/shashi/ALDAS/aldas_ros_workspace/install/px4_msgs/lib:${LD_LIBRARY_PATH} PYTHONPATH=/home/shashi/ALDAS/aldas_ros_workspace/install/px4_msgs/lib/python3.12/site-packages:${PYTHONPATH} /usr/bin/cmake --install /home/shashi/ALDAS/aldas_ros_workspace/build/aldas_vision
[1.496s] -- Install configuration: ""
[1.496s] -- Installing: /home/shashi/ALDAS/aldas_ros_workspace/install/aldas_vision/share/ament_index/resource_index/package_run_dependencies/aldas_vision
[1.496s] -- Installing: /home/shashi/ALDAS/aldas_ros_workspace/install/aldas_vision/share/ament_index/resource_index/parent_prefix_path/aldas_vision
[1.496s] -- Installing: /home/shashi/ALDAS/aldas_ros_workspace/install/aldas_vision/share/aldas_vision/environment/ament_prefix_path.sh
[1.496s] -- Installing: /home/shashi/ALDAS/aldas_ros_workspace/install/aldas_vision/share/aldas_vision/environment/ament_prefix_path.dsv
[1.496s] -- Installing: /home/shashi/ALDAS/aldas_ros_workspace/install/aldas_vision/share/aldas_vision/environment/path.sh
[1.496s] -- Installing: /home/shashi/ALDAS/aldas_ros_workspace/install/aldas_vision/share/aldas_vision/environment/path.dsv
[1.496s] -- Installing: /home/shashi/ALDAS/aldas_ros_workspace/install/aldas_vision/share/aldas_vision/local_setup.bash
[1.496s] -- Installing: /home/shashi/ALDAS/aldas_ros_workspace/install/aldas_vision/share/aldas_vision/local_setup.sh
[1.496s] -- Installing: /home/shashi/ALDAS/aldas_ros_workspace/install/aldas_vision/share/aldas_vision/local_setup.zsh
[1.497s] -- Installing: /home/shashi/ALDAS/aldas_ros_workspace/install/aldas_vision/share/aldas_vision/local_setup.dsv
[1.497s] -- Installing: /home/shashi/ALDAS/aldas_ros_workspace/install/aldas_vision/share/aldas_vision/package.dsv
[1.497s] -- Installing: /home/shashi/ALDAS/aldas_ros_workspace/install/aldas_vision/share/ament_index/resource_index/packages/aldas_vision
[1.497s] -- Installing: /home/shashi/ALDAS/aldas_ros_workspace/install/aldas_vision/share/aldas_vision/cmake/aldas_visionConfig.cmake
[1.497s] -- Installing: /home/shashi/ALDAS/aldas_ros_workspace/install/aldas_vision/share/aldas_vision/cmake/aldas_visionConfig-version.cmake
[1.497s] -- Installing: /home/shashi/ALDAS/aldas_ros_workspace/install/aldas_vision/share/aldas_vision/package.xml
[1.499s] Invoked command in '/home/shashi/ALDAS/aldas_ros_workspace/build/aldas_vision' returned '0': AMENT_PREFIX_PATH=/home/shashi/ALDAS/aldas_ros_workspace/install/px4_msgs:${AMENT_PREFIX_PATH} CMAKE_PREFIX_PATH=/home/shashi/ALDAS/aldas_ros_workspace/install/px4_msgs:/opt/ros/jazzy/opt/gz_math_vendor:/opt/ros/jazzy/opt/gz_utils_vendor:/opt/ros/jazzy/opt/gz_cmake_vendor:/opt/ros/jazzy DEBUGINFOD_URLS=https://debuginfod.ubuntu.com LD_LIBRARY_PATH=/home/shashi/ALDAS/aldas_ros_workspace/install/px4_msgs/lib:${LD_LIBRARY_PATH} PYTHONPATH=/home/shashi/ALDAS/aldas_ros_workspace/install/px4_msgs/lib/python3.12/site-packages:${PYTHONPATH} /usr/bin/cmake --install /home/shashi/ALDAS/aldas_ros_workspace/build/aldas_vision
